Buffer '00110935320-at-1D09' (25569) inf N, level 4:
	Produce:	2016-11-01 (1)	92000	92000	OP235422T001	'Transport-00110935320-from-ASIANPAINTS-1109-to-ASIANPAINTS-1D09--167592'
	Consume:	2016-11-01 (1)	-84948.6	7051.42	OP201761T001	'Transport-00110935320-from-ASIANPAINTS-1D09-to-ASIANPAINTS-1L09--453287'
	Consume:	2016-11-01 (1)	-4579.9	2471.52	OP392707T001	'Transport-00110935320-from-ASIANPAINTS-1D09-to-ASIANPAINTS-1514--434248'
	Consume:	2016-11-01 (1)	-1132.59	1338.93	OP216751T001	'Transport-00110935320-from-ASIANPAINTS-1D09-to-ASIANPAINTS-1529--436189'
	Consume:	2016-11-01 (1)	-753.29	585.641	OP438477T001	'Transport-00110935320-from-ASIANPAINTS-1D09-to-ASIANPAINTS-1560--440206'
	Consume:	2016-11-01 (1)	-433.71	151.93	OP376232T001	'Transport-00110935320-from-ASIANPAINTS-1D09-to-ASIANPAINTS-1610--448294'
	Consume:	2016-11-01 (1)	-83.9706	67.96	OP057262T001	'Transport-00110935320-from-ASIANPAINTS-1D09-to-ASIANPAINTS-1557--439854'
	Consume:	2016-11-01 (1)	-67.96	0	OP249267T001	'Transport-00110935320-from-ASIANPAINTS-1D09-to-ASIANPAINTS-1513--434070'
	Produce:	2016-11-16 (2)	184000	184000	OP235422T002	'Transport-00110935320-from-ASIANPAINTS-1109-to-ASIANPAINTS-1D09--167592'
	Consume:	2016-11-16 (2)	-75460.2	108540	OP201761T002	'Transport-00110935320-from-ASIANPAINTS-1D09-to-ASIANPAINTS-1L09--453287'
	Consume:	2016-11-16 (2)	-11031.6	97508.2	OP217061T002	'Transport-00110935320-from-ASIANPAINTS-1D09-to-ASIANPAINTS-1527--435651'
	Consume:	2016-11-16 (2)	-10552.4	86955.9	OP502694T002	'Transport-00110935320-from-ASIANPAINTS-1D09-to-ASIANPAINTS-1525--435160'
	Consume:	2016-11-16 (2)	-8747.48	78208.4	OP041475T002	'Transport-00110935320-from-ASIANPAINTS-1D09-to-ASIANPAINTS-1542--437689'
	Consume:	2016-11-16 (2)	-7722.44	70485.9	OP232407T002	'Transport-00110935320-from-ASIANPAINTS-1D09-to-ASIANPAINTS-1541--437447'
	Consume:	2016-11-16 (2)	-7707.52	62778.4	OP327395T002	'Transport-00110935320-from-ASIANPAINTS-1D09-to-ASIANPAINTS-1540--437388'
	Consume:	2016-11-16 (2)	-6815.53	55962.9	OP501188T002	'Transport-00110935320-from-ASIANPAINTS-1D09-to-ASIANPAINTS-1559--440081'
	Consume:	2016-11-16 (2)	-5630.84	50332	OP010583T002	'Transport-00110935320-from-ASIANPAINTS-1D09-to-ASIANPAINTS-1544--437832'
	Consume:	2016-11-16 (2)	-5019.35	45312.7	OP105509T002	'Transport-00110935320-from-ASIANPAINTS-1D09-to-ASIANPAINTS-1543--437753'
	Consume:	2016-11-16 (2)	-4872.78	40439.9	OP471183T002	'Transport-00110935320-from-ASIANPAINTS-1D09-to-ASIANPAINTS-1628--450654'
	Consume:	2016-11-16 (2)	-4170.95	36269	OP011542T002	'Transport-00110935320-from-ASIANPAINTS-1D09-to-ASIANPAINTS-1528--436013'
	Consume:	2016-11-16 (2)	-4103.95	32165	OP249267T002	'Transport-00110935320-from-ASIANPAINTS-1D09-to-ASIANPAINTS-1513--434070'
	Consume:	2016-11-16 (2)	-3840.55	28324.5	OP057262T002	'Transport-00110935320-from-ASIANPAINTS-1D09-to-ASIANPAINTS-1557--439854'
	Consume:	2016-11-16 (2)	-3564.9	24759.6	OP392707T002	'Transport-00110935320-from-ASIANPAINTS-1D09-to-ASIANPAINTS-1514--434248'
	Consume:	2016-11-16 (2)	-3426.6	21333	OP392895T002	'Transport-00110935320-from-ASIANPAINTS-1D09-to-ASIANPAINTS-1607--447769'
	Consume:	2016-11-16 (2)	-2930.93	18402	OP406619T002	'Transport-00110935320-from-ASIANPAINTS-1D09-to-ASIANPAINTS-1561--440323'
	Consume:	2016-11-16 (2)	-2694.68	15707.4	OP345113T002	'Transport-00110935320-from-ASIANPAINTS-1D09-to-ASIANPAINTS-1524--435009'
	Consume:	2016-11-16 (2)	-2230.77	13476.6	OP012452T002	'Transport-00110935320-from-ASIANPAINTS-1D09-to-ASIANPAINTS-1603--447414'
	Consume:	2016-11-16 (2)	-2010	11466.6	OP390433T002	'Transport-00110935320-from-ASIANPAINTS-1D09-to-ASIANPAINTS-1272--433410'
	Consume:	2016-11-16 (2)	-1732.32	9734.26	OP391710T002	'Transport-00110935320-from-ASIANPAINTS-1D09-to-ASIANPAINTS-1539--437263'
	Consume:	2016-11-16 (2)	-1732.04	8002.22	OP265126T002	'Transport-00110935320-from-ASIANPAINTS-1D09-to-ASIANPAINTS-1639--451006'
	Consume:	2016-11-16 (2)	-1488.75	6513.47	OP454621T002	'Transport-00110935320-from-ASIANPAINTS-1D09-to-ASIANPAINTS-1537--437059'
	Consume:	2016-11-16 (2)	-1294.7	5218.77	OP328315T002	'Transport-00110935320-from-ASIANPAINTS-1D09-to-ASIANPAINTS-1536--436941'
	Consume:	2016-11-16 (2)	-1175.29	4043.48	OP438477T002	'Transport-00110935320-from-ASIANPAINTS-1D09-to-ASIANPAINTS-1560--440206'
	Consume:	2016-11-16 (2)	-1169.83	2873.65	OP280989T002	'Transport-00110935320-from-ASIANPAINTS-1D09-to-ASIANPAINTS-1532--436302'
	Consume:	2016-11-16 (2)	-896.59	1977.06	OP216751T002	'Transport-00110935320-from-ASIANPAINTS-1D09-to-ASIANPAINTS-1529--436189'
	Consume:	2016-11-16 (2)	-686.59	1290.47	OP486809T002	'Transport-00110935320-from-ASIANPAINTS-1D09-to-ASIANPAINTS-1535--436700'
	Consume:	2016-11-16 (2)	-527.7	762.77	OP376232T002	'Transport-00110935320-from-ASIANPAINTS-1D09-to-ASIANPAINTS-1610--448294'
	Consume:	2016-11-16 (2)	-398.4	364.37	OP406623T002	'Transport-00110935320-from-ASIANPAINTS-1D09-to-ASIANPAINTS-1548--438496'
	Consume:	2016-11-16 (2)	-329.61	34.76	OP250410T002	'Transport-00110935320-from-ASIANPAINTS-1D09-to-ASIANPAINTS-1605--447715'
	Consume:	2016-11-16 (2)	-34.76	0	OP359632T002	'Transport-00110935320-from-ASIANPAINTS-1D09-to-ASIANPAINTS-1659--453012'
	Produce:	2016-12-01 (3)	89536	89536	OP235422T003	'Transport-00110935320-from-ASIANPAINTS-1109-to-ASIANPAINTS-1D09--167592'
	Consume:	2016-12-01 (3)	-46691	42845	OP201761T003	'Transport-00110935320-from-ASIANPAINTS-1D09-to-ASIANPAINTS-1L09--453287'
	Consume:	2016-12-01 (3)	-7782.15	35062.9	OP501188T003	'Transport-00110935320-from-ASIANPAINTS-1D09-to-ASIANPAINTS-1559--440081'
	Consume:	2016-12-01 (3)	-7445.09	27617.8	OP041475T003	'Transport-00110935320-from-ASIANPAINTS-1D09-to-ASIANPAINTS-1542--437689'
	Consume:	2016-12-01 (3)	-4840.79	22777	OP105509T003	'Transport-00110935320-from-ASIANPAINTS-1D09-to-ASIANPAINTS-1543--437753'
	Consume:	2016-12-01 (3)	-3129.91	19647.1	OP392707T003	'Transport-00110935320-from-ASIANPAINTS-1D09-to-ASIANPAINTS-1514--434248'
	Consume:	2016-12-01 (3)	-2624.17	17022.9	OP249267T003	'Transport-00110935320-from-ASIANPAINTS-1D09-to-ASIANPAINTS-1513--434070'
	Consume:	2016-12-01 (3)	-2381.67	14641.3	OP057262T003	'Transport-00110935320-from-ASIANPAINTS-1D09-to-ASIANPAINTS-1557--439854'
	Consume:	2016-12-01 (3)	-2375.14	12266.1	OP359632T003	'Transport-00110935320-from-ASIANPAINTS-1D09-to-ASIANPAINTS-1659--453012'
	Consume:	2016-12-01 (3)	-2341.14	9924.97	OP517580T003	'Transport-00110935320-from-ASIANPAINTS-1D09-to-ASIANPAINTS-1533--436587'
	Consume:	2016-12-01 (3)	-2004.69	7920.28	OP406619T003	'Transport-00110935320-from-ASIANPAINTS-1D09-to-ASIANPAINTS-1561--440323'
	Consume:	2016-12-01 (3)	-1557.87	6362.41	OP280989T003	'Transport-00110935320-from-ASIANPAINTS-1D09-to-ASIANPAINTS-1532--436302'
	Consume:	2016-12-01 (3)	-1518.28	4844.13	OP265126T003	'Transport-00110935320-from-ASIANPAINTS-1D09-to-ASIANPAINTS-1639--451006'
	Consume:	2016-12-01 (3)	-949.99	3894.14	OP010583T003	'Transport-00110935320-from-ASIANPAINTS-1D09-to-ASIANPAINTS-1544--437832'
	Consume:	2016-12-01 (3)	-946.19	2947.95	OP438477T003	'Transport-00110935320-from-ASIANPAINTS-1D09-to-ASIANPAINTS-1560--440206'
	Consume:	2016-12-01 (3)	-628.81	2319.14	OP328315T003	'Transport-00110935320-from-ASIANPAINTS-1D09-to-ASIANPAINTS-1536--436941'
	Consume:	2016-12-01 (3)	-430.6	1888.54	OP327395T003	'Transport-00110935320-from-ASIANPAINTS-1D09-to-ASIANPAINTS-1540--437388'
	Consume:	2016-12-01 (3)	-408.68	1479.86	OP345113T003	'Transport-00110935320-from-ASIANPAINTS-1D09-to-ASIANPAINTS-1524--435009'
	Consume:	2016-12-01 (3)	-406.76	1073.1	OP454621T003	'Transport-00110935320-from-ASIANPAINTS-1D09-to-ASIANPAINTS-1537--437059'
	Consume:	2016-12-01 (3)	-384.45	688.649	OP376232T003	'Transport-00110935320-from-ASIANPAINTS-1D09-to-ASIANPAINTS-1610--448294'
	Consume:	2016-12-01 (3)	-346.95	341.699	OP216751T003	'Transport-00110935320-from-ASIANPAINTS-1D09-to-ASIANPAINTS-1529--436189'
	Consume:	2016-12-01 (3)	-182.25	159.449	OP232407T003	'Transport-00110935320-from-ASIANPAINTS-1D09-to-ASIANPAINTS-1541--437447'
	Consume:	2016-12-01 (3)	-111.909	47.54	OP391710T003	'Transport-00110935320-from-ASIANPAINTS-1D09-to-ASIANPAINTS-1539--437263'
	Consume:	2016-12-01 (3)	-47.39	0.149994	OP058825T003	'Transport-00110935320-from-ASIANPAINTS-1D09-to-ASIANPAINTS-1617--449662'
	Consume:	2016-12-01 (3)	-0.149994	0	OP250410T003	'Transport-00110935320-from-ASIANPAINTS-1D09-to-ASIANPAINTS-1605--447715'
	Produce:	2016-12-16 (4)	184000	184000	OP235422T004	'Transport-00110935320-from-ASIANPAINTS-1109-to-ASIANPAINTS-1D09--167592'
	Consume:	2016-12-16 (4)	-66794.4	117206	OP201761T004	'Transport-00110935320-from-ASIANPAINTS-1D09-to-ASIANPAINTS-1L09--453287'
	Consume:	2016-12-16 (4)	-12172.1	105034	OP041475T004	'Transport-00110935320-from-ASIANPAINTS-1D09-to-ASIANPAINTS-1542--437689'
	Consume:	2016-12-16 (4)	-10025.2	95008.3	OP501188T004	'Transport-00110935320-from-ASIANPAINTS-1D09-to-ASIANPAINTS-1559--440081'
	Consume:	2016-12-16 (4)	-8934.18	86074.1	OP217061T004	'Transport-00110935320-from-ASIANPAINTS-1D09-to-ASIANPAINTS-1527--435651'
	Consume:	2016-12-16 (4)	-8765.8	77308.3	OP105509T004	'Transport-00110935320-from-ASIANPAINTS-1D09-to-ASIANPAINTS-1543--437753'
	Consume:	2016-12-16 (4)	-7682.97	69625.4	OP502694T004	'Transport-00110935320-from-ASIANPAINTS-1D09-to-ASIANPAINTS-1525--435160'
	Consume:	2016-12-16 (4)	-7059.61	62565.8	OP327395T004	'Transport-00110935320-from-ASIANPAINTS-1D09-to-ASIANPAINTS-1540--437388'
	Consume:	2016-12-16 (4)	-6054.24	56511.5	OP232407T004	'Transport-00110935320-from-ASIANPAINTS-1D09-to-ASIANPAINTS-1541--437447'
	Consume:	2016-12-16 (4)	-5232.91	51278.6	OP392707T004	'Transport-00110935320-from-ASIANPAINTS-1D09-to-ASIANPAINTS-1514--434248'
	Consume:	2016-12-16 (4)	-5210.99	46067.6	OP010583T004	'Transport-00110935320-from-ASIANPAINTS-1D09-to-ASIANPAINTS-1544--437832'
	Consume:	2016-12-16 (4)	-5193.09	40874.5	OP517580T004	'Transport-00110935320-from-ASIANPAINTS-1D09-to-ASIANPAINTS-1533--436587'
	Consume:	2016-12-16 (4)	-4092.16	36782.4	OP249267T004	'Transport-00110935320-from-ASIANPAINTS-1D09-to-ASIANPAINTS-1513--434070'
	Consume:	2016-12-16 (4)	-3874.69	32907.7	OP406619T004	'Transport-00110935320-from-ASIANPAINTS-1D09-to-ASIANPAINTS-1561--440323'
	Consume:	2016-12-16 (4)	-3725.26	29182.4	OP471183T004	'Transport-00110935320-from-ASIANPAINTS-1D09-to-ASIANPAINTS-1628--450654'
	Consume:	2016-12-16 (4)	-3168.92	26013.5	OP392895T004	'Transport-00110935320-from-ASIANPAINTS-1D09-to-ASIANPAINTS-1607--447769'
	Consume:	2016-12-16 (4)	-3101.68	22911.8	OP011542T004	'Transport-00110935320-from-ASIANPAINTS-1D09-to-ASIANPAINTS-1528--436013'
	Consume:	2016-12-16 (4)	-2706.88	20204.9	OP280989T004	'Transport-00110935320-from-ASIANPAINTS-1D09-to-ASIANPAINTS-1532--436302'
	Consume:	2016-12-16 (4)	-2659.28	17545.7	OP265126T004	'Transport-00110935320-from-ASIANPAINTS-1D09-to-ASIANPAINTS-1639--451006'
	Consume:	2016-12-16 (4)	-2569.37	14976.3	OP105386T004	'Transport-00110935320-from-ASIANPAINTS-1D09-to-ASIANPAINTS-1552--439026'
	Consume:	2016-12-16 (4)	-2406.68	12569.6	OP057262T004	'Transport-00110935320-from-ASIANPAINTS-1D09-to-ASIANPAINTS-1557--439854'
	Consume:	2016-12-16 (4)	-2251.86	10317.8	OP328315T004	'Transport-00110935320-from-ASIANPAINTS-1D09-to-ASIANPAINTS-1536--436941'
	Consume:	2016-12-16 (4)	-1938.08	8379.67	OP345113T004	'Transport-00110935320-from-ASIANPAINTS-1D09-to-ASIANPAINTS-1524--435009'
	Consume:	2016-12-16 (4)	-1834.19	6545.48	OP438477T004	'Transport-00110935320-from-ASIANPAINTS-1D09-to-ASIANPAINTS-1560--440206'
	Consume:	2016-12-16 (4)	-1112.95	5432.53	OP486809T004	'Transport-00110935320-from-ASIANPAINTS-1D09-to-ASIANPAINTS-1535--436700'
	Consume:	2016-12-16 (4)	-1102.02	4330.51	OP391710T004	'Transport-00110935320-from-ASIANPAINTS-1D09-to-ASIANPAINTS-1539--437263'
	Consume:	2016-12-16 (4)	-897.96	3432.55	OP058825T004	'Transport-00110935320-from-ASIANPAINTS-1D09-to-ASIANPAINTS-1617--449662'
	Consume:	2016-12-16 (4)	-800.95	2631.6	OP216751T004	'Transport-00110935320-from-ASIANPAINTS-1D09-to-ASIANPAINTS-1529--436189'
	Consume:	2016-12-16 (4)	-796.65	1834.95	OP454621T004	'Transport-00110935320-from-ASIANPAINTS-1D09-to-ASIANPAINTS-1537--437059'
	Consume:	2016-12-16 (4)	-728.289	1106.66	OP376232T004	'Transport-00110935320-from-ASIANPAINTS-1D09-to-ASIANPAINTS-1610--448294'
	Consume:	2016-12-16 (4)	-416.37	690.29	OP406623T004	'Transport-00110935320-from-ASIANPAINTS-1D09-to-ASIANPAINTS-1548--438496'
	Consume:	2016-12-16 (4)	-389.15	301.14	OP359632T004	'Transport-00110935320-from-ASIANPAINTS-1D09-to-ASIANPAINTS-1659--453012'
	Consume:	2016-12-16 (4)	-301.14	0	OP250410T004	'Transport-00110935320-from-ASIANPAINTS-1D09-to-ASIANPAINTS-1605--447715'
	Produce:	2017-01-01 (5)	184000	184000	OP235422T005	'Transport-00110935320-from-ASIANPAINTS-1109-to-ASIANPAINTS-1D09--167592'
	Consume:	2017-01-01 (5)	-54165.2	129835	OP201761T005	'Transport-00110935320-from-ASIANPAINTS-1D09-to-ASIANPAINTS-1L09--453287'
	Consume:	2017-01-01 (5)	-17526.2	112309	OP041475T005	'Transport-00110935320-from-ASIANPAINTS-1D09-to-ASIANPAINTS-1542--437689'
	Consume:	2017-01-01 (5)	-7447.72	104861	OP501188T005	'Transport-00110935320-from-ASIANPAINTS-1D09-to-ASIANPAINTS-1559--440081'
	Consume:	2017-01-01 (5)	-6956.53	97904.4	OP517580T005	'Transport-00110935320-from-ASIANPAINTS-1D09-to-ASIANPAINTS-1533--436587'
	Consume:	2017-01-01 (5)	-5737.68	92166.7	OP011542T005	'Transport-00110935320-from-ASIANPAINTS-1D09-to-ASIANPAINTS-1528--436013'
	Consume:	2017-01-01 (5)	-5547.5	86619.2	OP105509T005	'Transport-00110935320-from-ASIANPAINTS-1D09-to-ASIANPAINTS-1543--437753'
	Consume:	2017-01-01 (5)	-5468.92	81150.3	OP392895T005	'Transport-00110935320-from-ASIANPAINTS-1D09-to-ASIANPAINTS-1607--447769'
	Consume:	2017-01-01 (5)	-5390.91	75759.4	OP406619T005	'Transport-00110935320-from-ASIANPAINTS-1D09-to-ASIANPAINTS-1561--440323'
	Consume:	2017-01-01 (5)	-4916.36	70843	OP345113T005	'Transport-00110935320-from-ASIANPAINTS-1D09-to-ASIANPAINTS-1524--435009'
	Consume:	2017-01-01 (5)	-4687.7	66155.3	OP328315T005	'Transport-00110935320-from-ASIANPAINTS-1D09-to-ASIANPAINTS-1536--436941'
	Consume:	2017-01-01 (5)	-4544.16	61611.2	OP327395T005	'Transport-00110935320-from-ASIANPAINTS-1D09-to-ASIANPAINTS-1540--437388'
	Consume:	2017-01-01 (5)	-4136.96	57474.2	OP265126T005	'Transport-00110935320-from-ASIANPAINTS-1D09-to-ASIANPAINTS-1639--451006'
	Consume:	2017-01-01 (5)	-4038.6	53435.6	OP392707T005	'Transport-00110935320-from-ASIANPAINTS-1D09-to-ASIANPAINTS-1514--434248'
	Consume:	2017-01-01 (5)	-4012.34	49423.3	OP232407T005	'Transport-00110935320-from-ASIANPAINTS-1D09-to-ASIANPAINTS-1541--437447'
	Consume:	2017-01-01 (5)	-3813.24	45610	OP105386T005	'Transport-00110935320-from-ASIANPAINTS-1D09-to-ASIANPAINTS-1552--439026'
	Consume:	2017-01-01 (5)	-3630.59	41979.4	OP010583T005	'Transport-00110935320-from-ASIANPAINTS-1D09-to-ASIANPAINTS-1544--437832'
	Consume:	2017-01-01 (5)	-2995.05	38984.4	OP249267T005	'Transport-00110935320-from-ASIANPAINTS-1D09-to-ASIANPAINTS-1513--434070'
	Consume:	2017-01-01 (5)	-2575.66	36408.7	OP391710T005	'Transport-00110935320-from-ASIANPAINTS-1D09-to-ASIANPAINTS-1539--437263'
	Consume:	2017-01-01 (5)	-2293.19	34115.5	OP280989T005	'Transport-00110935320-from-ASIANPAINTS-1D09-to-ASIANPAINTS-1532--436302'
	Consume:	2017-01-01 (5)	-2060.94	32054.6	OP486809T005	'Transport-00110935320-from-ASIANPAINTS-1D09-to-ASIANPAINTS-1535--436700'
	Consume:	2017-01-01 (5)	-1924.53	30130.1	OP057262T005	'Transport-00110935320-from-ASIANPAINTS-1D09-to-ASIANPAINTS-1557--439854'
	Consume:	2017-01-01 (5)	-1882.89	28247.2	OP454621T005	'Transport-00110935320-from-ASIANPAINTS-1D09-to-ASIANPAINTS-1537--437059'
	Consume:	2017-01-01 (5)	-1696.49	26550.7	OP376232T005	'Transport-00110935320-from-ASIANPAINTS-1D09-to-ASIANPAINTS-1610--448294'
	Consume:	2017-01-01 (5)	-1329.17	25221.5	OP438477T005	'Transport-00110935320-from-ASIANPAINTS-1D09-to-ASIANPAINTS-1560--440206'
	Consume:	2017-01-01 (5)	-1223.01	23998.5	OP217061T005	'Transport-00110935320-from-ASIANPAINTS-1D09-to-ASIANPAINTS-1527--435651'
	Consume:	2017-01-01 (5)	-1163.9	22834.6	OP216751T005	'Transport-00110935320-from-ASIANPAINTS-1D09-to-ASIANPAINTS-1529--436189'
	Consume:	2017-01-01 (5)	-942.62	21892	OP406623T005	'Transport-00110935320-from-ASIANPAINTS-1D09-to-ASIANPAINTS-1548--438496'
	Consume:	2017-01-01 (5)	-774.99	21117	OP058825T005	'Transport-00110935320-from-ASIANPAINTS-1D09-to-ASIANPAINTS-1617--449662'
	Consume:	2017-01-01 (5)	-592.72	20524.3	OP250410T005	'Transport-00110935320-from-ASIANPAINTS-1D09-to-ASIANPAINTS-1605--447715'
	Consume:	2017-01-01 (5)	-294.27	20230	OP359632T005	'Transport-00110935320-from-ASIANPAINTS-1D09-to-ASIANPAINTS-1659--453012'
	Produce:	2017-01-16 (6)	92000	112230	OP235422T006	'Transport-00110935320-from-ASIANPAINTS-1109-to-ASIANPAINTS-1D09--167592'
	Consume:	2017-01-16 (6)	-63859.2	48370.9	OP201761T006	'Transport-00110935320-from-ASIANPAINTS-1D09-to-ASIANPAINTS-1L09--453287'
	Consume:	2017-01-16 (6)	-8817.72	39553.1	OP501188T006	'Transport-00110935320-from-ASIANPAINTS-1D09-to-ASIANPAINTS-1559--440081'
	Consume:	2017-01-16 (6)	-6914.5	32638.6	OP105509T006	'Transport-00110935320-from-ASIANPAINTS-1D09-to-ASIANPAINTS-1543--437753'
	Consume:	2017-01-16 (6)	-5287.16	27351.5	OP327395T006	'Transport-00110935320-from-ASIANPAINTS-1D09-to-ASIANPAINTS-1540--437388'
	Consume:	2017-01-16 (6)	-5141.34	22210.1	OP232407T006	'Transport-00110935320-from-ASIANPAINTS-1D09-to-ASIANPAINTS-1541--437447'
	Consume:	2017-01-16 (6)	-4736.61	17473.5	OP392707T006	'Transport-00110935320-from-ASIANPAINTS-1D09-to-ASIANPAINTS-1514--434248'
	Consume:	2017-01-16 (6)	-4075.59	13397.9	OP010583T006	'Transport-00110935320-from-ASIANPAINTS-1D09-to-ASIANPAINTS-1544--437832'
	Consume:	2017-01-16 (6)	-3522.04	9875.9	OP249267T006	'Transport-00110935320-from-ASIANPAINTS-1D09-to-ASIANPAINTS-1513--434070'
	Consume:	2017-01-16 (6)	-2848.19	7027.71	OP280989T006	'Transport-00110935320-from-ASIANPAINTS-1D09-to-ASIANPAINTS-1532--436302'
	Consume:	2017-01-16 (6)	-2341.54	4686.17	OP057262T006	'Transport-00110935320-from-ASIANPAINTS-1D09-to-ASIANPAINTS-1557--439854'
	Consume:	2017-01-16 (6)	-2037.18	2648.99	OP438477T006	'Transport-00110935320-from-ASIANPAINTS-1D09-to-ASIANPAINTS-1560--440206'
	Consume:	2017-01-16 (6)	-1082.52	1566.47	OP517580T006	'Transport-00110935320-from-ASIANPAINTS-1D09-to-ASIANPAINTS-1533--436587'
	Consume:	2017-01-16 (6)	-924.99	641.48	OP058825T006	'Transport-00110935320-from-ASIANPAINTS-1D09-to-ASIANPAINTS-1617--449662'
	Consume:	2017-01-16 (6)	-641.21	0.269989	OP041475T006	'Transport-00110935320-from-ASIANPAINTS-1D09-to-ASIANPAINTS-1542--437689'
	Consume:	2017-01-16 (6)	-0.269989	0	OP359632T006	'Transport-00110935320-from-ASIANPAINTS-1D09-to-ASIANPAINTS-1659--453012'
	Produce:	2017-02-01 (7)	92000	92000	OP235422T007	'Transport-00110935320-from-ASIANPAINTS-1109-to-ASIANPAINTS-1D09--167592'
	Consume:	2017-02-01 (7)	-50925.2	41074.8	OP201761T007	'Transport-00110935320-from-ASIANPAINTS-1D09-to-ASIANPAINTS-1L09--453287'
	Consume:	2017-02-01 (7)	-7717.28	33357.5	OP041475T007	'Transport-00110935320-from-ASIANPAINTS-1D09-to-ASIANPAINTS-1542--437689'
	Consume:	2017-02-01 (7)	-6016.05	27341.5	OP105509T007	'Transport-00110935320-from-ASIANPAINTS-1D09-to-ASIANPAINTS-1543--437753'
	Consume:	2017-02-01 (7)	-5056.28	22285.2	OP232407T007	'Transport-00110935320-from-ASIANPAINTS-1D09-to-ASIANPAINTS-1541--437447'
	Consume:	2017-02-01 (7)	-4192.55	18092.6	OP327395T007	'Transport-00110935320-from-ASIANPAINTS-1D09-to-ASIANPAINTS-1540--437388'
	Consume:	2017-02-01 (7)	-3541.74	14550.9	OP249267T007	'Transport-00110935320-from-ASIANPAINTS-1D09-to-ASIANPAINTS-1513--434070'
	Consume:	2017-02-01 (7)	-3341.67	11209.2	OP392707T007	'Transport-00110935320-from-ASIANPAINTS-1D09-to-ASIANPAINTS-1514--434248'
	Consume:	2017-02-01 (7)	-2449.28	8759.94	OP280989T007	'Transport-00110935320-from-ASIANPAINTS-1D09-to-ASIANPAINTS-1532--436302'
	Consume:	2017-02-01 (7)	-2185.6	6574.34	OP517580T007	'Transport-00110935320-from-ASIANPAINTS-1D09-to-ASIANPAINTS-1533--436587'
	Consume:	2017-02-01 (7)	-2146.7	4427.64	OP057262T007	'Transport-00110935320-from-ASIANPAINTS-1D09-to-ASIANPAINTS-1557--439854'
	Consume:	2017-02-01 (7)	-1553.92	2873.72	OP438477T007	'Transport-00110935320-from-ASIANPAINTS-1D09-to-ASIANPAINTS-1560--440206'
	Consume:	2017-02-01 (7)	-768.23	2105.49	OP376232T007	'Transport-00110935320-from-ASIANPAINTS-1D09-to-ASIANPAINTS-1610--448294'
	Consume:	2017-02-01 (7)	-711	1394.49	OP265126T007	'Transport-00110935320-from-ASIANPAINTS-1D09-to-ASIANPAINTS-1639--451006'
	Consume:	2017-02-01 (7)	-699.33	695.16	OP058825T007	'Transport-00110935320-from-ASIANPAINTS-1D09-to-ASIANPAINTS-1617--449662'
	Consume:	2017-02-01 (7)	-514.08	181.08	OP216751T007	'Transport-00110935320-from-ASIANPAINTS-1D09-to-ASIANPAINTS-1529--436189'
	Consume:	2017-02-01 (7)	-180.94	0.140015	OP250410T007	'Transport-00110935320-from-ASIANPAINTS-1D09-to-ASIANPAINTS-1605--447715'
	Consume:	2017-02-01 (7)	-0.140015	0	OP359632T007	'Transport-00110935320-from-ASIANPAINTS-1D09-to-ASIANPAINTS-1659--453012'
	Produce:	2017-02-16 (8)	184000	184000	OP235422T008	'Transport-00110935320-from-ASIANPAINTS-1109-to-ASIANPAINTS-1D09--167592'
	Consume:	2017-02-16 (8)	-42306.2	141694	OP424902T008	'Transport-00110935320-from-ASIANPAINTS-1D09-to-ASIANPAINTS-1L09--453410'
	Consume:	2017-02-16 (8)	-7045.29	134649	OP232650T008	'Transport-00110935320-from-ASIANPAINTS-1D09-to-ASIANPAINTS-1542--437623'
	Consume:	2017-02-16 (8)	-5682.05	128966	OP470763T008	'Transport-00110935320-from-ASIANPAINTS-1D09-to-ASIANPAINTS-1543--437818'
	Consume:	2017-02-16 (8)	-3827.55	125139	OP485968T008	'Transport-00110935320-from-ASIANPAINTS-1D09-to-ASIANPAINTS-1540--437353'
	Consume:	2017-02-16 (8)	-3573.28	121566	OP392173T008	'Transport-00110935320-from-ASIANPAINTS-1D09-to-ASIANPAINTS-1524--434958'
	Consume:	2017-02-16 (8)	-3250.74	118315	OP217722T008	'Transport-00110935320-from-ASIANPAINTS-1D09-to-ASIANPAINTS-1513--434131'
	Consume:	2017-02-16 (8)	-3018.68	115296	OP027044T008	'Transport-00110935320-from-ASIANPAINTS-1D09-to-ASIANPAINTS-1514--434163'
	Consume:	2017-02-16 (8)	-3006.84	112289	OP073908T008	'Transport-00110935320-from-ASIANPAINTS-1D09-to-ASIANPAINTS-1536--436879'
	Consume:	2017-02-16 (8)	-2321.28	109968	OP121855T008	'Transport-00110935320-from-ASIANPAINTS-1D09-to-ASIANPAINTS-1532--436207'
	Consume:	2017-02-16 (8)	-2295.72	107672	OP232406T008	'Transport-00110935320-from-ASIANPAINTS-1D09-to-ASIANPAINTS-1541--437547'
	Consume:	2017-02-16 (8)	-1926.04	105746	OP296691T008	'Transport-00110935320-from-ASIANPAINTS-1D09-to-ASIANPAINTS-1539--437146'
	Consume:	2017-02-16 (8)	-1539.25	104207	OP470695T008	'Transport-00110935320-from-ASIANPAINTS-1D09-to-ASIANPAINTS-1537--436969'
	Consume:	2017-02-16 (8)	-1455.93	102751	OP374910T008	'Transport-00110935320-from-ASIANPAINTS-1D09-to-ASIANPAINTS-1560--440228'
	Consume:	2017-02-16 (8)	-1280.24	101471	OP327752T008	'Transport-00110935320-from-ASIANPAINTS-1D09-to-ASIANPAINTS-1535--436595'
	Consume:	2017-02-16 (8)	-669.33	100802	OP487210T008	'Transport-00110935320-from-ASIANPAINTS-1D09-to-ASIANPAINTS-1617--449745'
	Consume:	2017-02-16 (8)	-628.23	100173	OP408060T008	'Transport-00110935320-from-ASIANPAINTS-1D09-to-ASIANPAINTS-1610--448373'
	Consume:	2017-02-16 (8)	-517.07	99656.3	OP375864T008	'Transport-00110935320-from-ASIANPAINTS-1D09-to-ASIANPAINTS-1529--436094'
	Consume:	2017-02-16 (8)	-168.93	99487.3	OP217676T008	'Transport-00110935320-from-ASIANPAINTS-1D09-to-ASIANPAINTS-1605--447576'
